Using pre-set license
Built from '2021.3/staging' branch; Version is '2021.3.5f1 (40eb3a945986) revision 4254522'; Using compiler version '192829333'; Build Type 'Release'
OS: 'Windows 10  (10.0.19045) 64bit Professional' Language: 'ru' Physical Memory: 16264 MB
BatchMode: 1, IsHumanControllingUs: 0, StartBugReporterOnCrash: 0, Is64bit: 1, IsPro: 1

COMMAND LINE ARGUMENTS:
C:\Program Files\Unity\Hub\Editor\2021.3.5f1\Editor\Unity.exe
-adb2
-batchMode
-noUpm
-name
AssetImportWorker0
-projectPath
C:/Unity/Fire & Water
-logFile
Logs/AssetImportWorker0.log
-srvPort
63845
Successfully changed project path to: C:/Unity/Fire & Water
C:/Unity/Fire & Water
[UnityMemory] Configuration Parameters - Can be set up in boot.config
    "memorysetup-bucket-allocator-granularity=16"
    "memorysetup-bucket-allocator-bucket-count=8"
    "memorysetup-bucket-allocator-block-size=33554432"
    "memorysetup-bucket-allocator-block-count=8"
    "memorysetup-main-allocator-block-size=16777216"
    "memorysetup-thread-allocator-block-size=16777216"
    "memorysetup-gfx-main-allocator-block-size=16777216"
    "memorysetup-gfx-thread-allocator-block-size=16777216"
    "memorysetup-cache-allocator-block-size=4194304"
    "memorysetup-typetree-allocator-block-size=2097152"
    "memorysetup-profiler-bucket-allocator-granularity=16"
    "memorysetup-profiler-bucket-allocator-bucket-count=8"
    "memorysetup-profiler-bucket-allocator-block-size=33554432"
    "memorysetup-profiler-bucket-allocator-block-count=8"
    "memorysetup-profiler-allocator-block-size=16777216"
    "memorysetup-profiler-editor-allocator-block-size=1048576"
    "memorysetup-temp-allocator-size-main=16777216"
    "memorysetup-job-temp-allocator-block-size=2097152"
    "memorysetup-job-temp-allocator-block-size-background=1048576"
    "memorysetup-job-temp-allocator-reduction-small-platforms=262144"
    "memorysetup-temp-allocator-size-background-worker=32768"
    "memorysetup-temp-allocator-size-job-worker=262144"
    "memorysetup-temp-allocator-size-preload-manager=33554432"
    "memorysetup-temp-allocator-size-nav-mesh-worker=65536"
    "memorysetup-temp-allocator-size-audio-worker=65536"
    "memorysetup-temp-allocator-size-cloud-worker=32768"
    "memorysetup-temp-allocator-size-gi-baking-worker=262144"
    "memorysetup-temp-allocator-size-gfx=262144"
Refreshing native plugins compatible for Editor in 185.21 ms, found 4 plugins.
Preloading 0 native plugins for Editor in 0.00 ms.
Initialize engine version: 2021.3.5f1 (40eb3a945986)
[Subsystems] Discovering subsystems at path C:/Program Files/Unity/Hub/Editor/2021.3.5f1/Editor/Data/Resources/UnitySubsystems
[Subsystems] Discovering subsystems at path C:/Unity/Fire & Water/Assets
GfxDevice: creating device client; threaded=0; jobified=0
Direct3D:
    Version:  Direct3D 11.0 [level 11.1]
    Renderer: NVIDIA GeForce GTX 1060 with Max-Q Design (ID=0x1c20)
    Vendor:   NVIDIA
    VRAM:     2987 MB
    Driver:   30.0.15.1278
Initialize mono
Mono path[0] = 'C:/Program Files/Unity/Hub/Editor/2021.3.5f1/Editor/Data/Managed'
Mono path[1] = 'C:/Program Files/Unity/Hub/Editor/2021.3.5f1/Editor/Data/MonoBleedingEdge/lib/mono/unityjit-win32'
Mono config path = 'C:/Program Files/Unity/Hub/Editor/2021.3.5f1/Editor/Data/MonoBleedingEdge/etc'
Using monoOptions --debugger-agent=transport=dt_socket,embedding=1,server=y,suspend=n,address=127.0.0.1:56376
Begin MonoManager ReloadAssembly
Registering precompiled unity dll's ...
Register platform support module: C:/Program Files/Unity/Hub/Editor/2021.3.5f1/Editor/Data/PlaybackEngines/WebGLSupport/UnityEditor.WebGL.Extensions.dll
Register platform support module: C:/Program Files/Unity/Hub/Editor/2021.3.5f1/Editor/Data/PlaybackEngines/WindowsStandaloneSupport/UnityEditor.WindowsStandalone.Extensions.dll
Registered in 0.011887 seconds.
Native extension for WindowsStandalone target not found
Native extension for WebGL target not found
Refreshing native plugins compatible for Editor in 166.34 ms, found 4 plugins.
Preloading 0 native plugins for Editor in 0.00 ms.
Mono: successfully reloaded assembly
- Completed reload, in  1.009 seconds
Domain Reload Profiling:
	ReloadAssembly (1010ms)
		BeginReloadAssembly (144ms)
			ExecutionOrderSort (0ms)
			DisableScriptedObjects (0ms)
			BackupInstance (0ms)
			ReleaseScriptingObjects (0ms)
			CreateAndSetChildDomain (1ms)
		EndReloadAssembly (711ms)
			LoadAssemblies (141ms)
			RebuildTransferFunctionScriptingTraits (0ms)
			SetupTypeCache (168ms)
			ReleaseScriptCaches (0ms)
			RebuildScriptCaches (43ms)
			SetupLoadedEditorAssemblies (422ms)
				LogAssemblyErrors (0ms)
				InitializePlatformSupportModulesInManaged (12ms)
				SetLoadedEditorAssemblies (0ms)
				RefreshPlugins (167ms)
				BeforeProcessingInitializeOnLoad (2ms)
				ProcessInitializeOnLoadAttributes (174ms)
				ProcessInitializeOnLoadMethodAttributes (67ms)
				AfterProcessingInitializeOnLoad (0ms)
				EditorAssembliesLoaded (0ms)
			ExecutionOrderSort2 (0ms)
			AwakeInstancesAfterBackupRestoration (0ms)
Platform modules already initialized, skipping
Registering precompiled user dll's ...
Registered in 0.013168 seconds.
Begin MonoManager ReloadAssembly
Symbol file LoadedFromMemory doesn't match image C:\Unity\Fire & Water\Library\PackageCache\com.unity.visualscripting@1.7.8\Editor\VisualScripting.Core\Dependencies\YamlDotNet\Unity.VisualScripting.YamlDotNet.dll
Symbol file LoadedFromMemory doesn't match image C:\Unity\Fire & Water\Library\PackageCache\com.unity.visualscripting@1.7.8\Editor\VisualScripting.Core\Dependencies\DotNetZip\Unity.VisualScripting.IonicZip.dll
Native extension for WindowsStandalone target not found
Native extension for WebGL target not found
Refreshing native plugins compatible for Editor in 172.34 ms, found 4 plugins.
Preloading 0 native plugins for Editor in 0.00 ms.
Mono: successfully reloaded assembly
- Completed reload, in  2.057 seconds
Domain Reload Profiling:
	ReloadAssembly (2058ms)
		BeginReloadAssembly (173ms)
			ExecutionOrderSort (0ms)
			DisableScriptedObjects (9ms)
			BackupInstance (0ms)
			ReleaseScriptingObjects (0ms)
			CreateAndSetChildDomain (28ms)
		EndReloadAssembly (1695ms)
			LoadAssemblies (151ms)
			RebuildTransferFunctionScriptingTraits (0ms)
			SetupTypeCache (401ms)
			ReleaseScriptCaches (1ms)
			RebuildScriptCaches (89ms)
			SetupLoadedEditorAssemblies (992ms)
				LogAssemblyErrors (0ms)
				InitializePlatformSupportModulesInManaged (8ms)
				SetLoadedEditorAssemblies (0ms)
				RefreshPlugins (172ms)
				BeforeProcessingInitializeOnLoad (207ms)
				ProcessInitializeOnLoadAttributes (411ms)
				ProcessInitializeOnLoadMethodAttributes (182ms)
				AfterProcessingInitializeOnLoad (12ms)
				EditorAssembliesLoaded (0ms)
			ExecutionOrderSort2 (0ms)
			AwakeInstancesAfterBackupRestoration (11ms)
Platform modules already initialized, skipping
========================================================================
Worker process is ready to serve import requests
Launched and connected shader compiler UnityShaderCompiler.exe after 0.08 seconds
Refreshing native plugins compatible for Editor in 1.18 ms, found 4 plugins.
Preloading 0 native plugins for Editor in 0.00 ms.
Unloading 5516 Unused Serialized files (Serialized files now loaded: 0)
Unloading 58 unused Assets / (1.2 MB). Loaded Objects now: 5950.
Memory consumption went from 213.8 MB to 212.6 MB.
Total: 5.537500 ms (FindLiveObjects: 0.552700 ms CreateObjectMapping: 0.555400 ms MarkObjects: 3.837400 ms  DeleteObjects: 0.590800 ms)

AssetImportParameters requested are different than current active one (requested -> active):
  custom:video-decoder-ogg-theora: a1e56fd34408186e4bbccfd4996cb3dc -> 
  custom:container-muxer-webm: aa71ff27fc2769a1b78a27578f13a17b -> 
  custom:container-demuxer-webm: 4f35f7cbe854078d1ac9338744f61a02 -> 
  custom:video-encoder-webm-vp8: eb34c28f22e8b96e1ab97ce403110664 -> 
  custom:audio-encoder-webm-vorbis: bf7c407c2cedff20999df2af8eb42d56 -> 
  custom:framework-win-MediaFoundation: 216162199b28c13a410421893ffa2e32 -> 
  custom:container-demuxer-ogg: 62fdf1f143b41e24485cea50d1cbac27 -> 
  custom:video-decoder-webm-vp8: 9c59270c3fd7afecdb556c50c9e8de78 -> 
  custom:audio-decoder-ogg-vorbis: bf7c407c2cedff20999df2af8eb42d56 -> 
========================================================================
Received Import Request.
  Time since last request: 427769.133115 seconds.
  path: Assets/Medieval_pixel_art_asset_FREE/Prefabs/Props_free/Medieval_props_free_8.prefab
  artifactKey: Guid(bff18508c0a59f948ac193210aa13f92) Importer(815301076,1909f56bfc062723c751e8b465ee728b)
Start importing Assets/Medieval_pixel_art_asset_FREE/Prefabs/Props_free/Medieval_props_free_8.prefab using Guid(bff18508c0a59f948ac193210aa13f92) Importer(815301076,1909f56bfc062723c751e8b465ee728b)  -> (artifact id: '47e5cc27d4840f9deb27f10291f7ff37') in 0.354522 seconds 
========================================================================
Received Import Request.
  Time since last request: 0.000033 seconds.
  path: Assets/Medieval_pixel_art_asset_FREE/Prefabs/Props_free/Medieval_props_free_3.prefab
  artifactKey: Guid(2e158dd1922dd2f429687179bedb7503) Importer(815301076,1909f56bfc062723c751e8b465ee728b)
Start importing Assets/Medieval_pixel_art_asset_FREE/Prefabs/Props_free/Medieval_props_free_3.prefab using Guid(2e158dd1922dd2f429687179bedb7503) Importer(815301076,1909f56bfc062723c751e8b465ee728b)  -> (artifact id: 'cd9c97ba38638f66aa6a5a684a45634e') in 0.024765 seconds 
========================================================================
Received Import Request.
  Time since last request: 0.000039 seconds.
  path: Assets/Medieval_pixel_art_asset_FREE/Prefabs/Props_free/Medieval_props_free_14.prefab
  artifactKey: Guid(573f2969d3071a44fa563048fb3422d8) Importer(815301076,1909f56bfc062723c751e8b465ee728b)
Start importing Assets/Medieval_pixel_art_asset_FREE/Prefabs/Props_free/Medieval_props_free_14.prefab using Guid(573f2969d3071a44fa563048fb3422d8) Importer(815301076,1909f56bfc062723c751e8b465ee728b)  -> (artifact id: 'afb064552dcc87c53f36c67fa150c298') in 0.034181 seconds 
========================================================================
Received Import Request.
  Time since last request: 0.000086 seconds.
  path: Assets/Medieval_pixel_art_asset_FREE/palettes
  artifactKey: Guid(b77922e1d5d31154ca6068d40f1dc7e0) Importer(815301076,1909f56bfc062723c751e8b465ee728b)
Start importing Assets/Medieval_pixel_art_asset_FREE/palettes using Guid(b77922e1d5d31154ca6068d40f1dc7e0) Importer(815301076,1909f56bfc062723c751e8b465ee728b)  -> (artifact id: '11b71fad422064f1b23e2c6c22539c4d') in 0.013158 seconds 
========================================================================
Received Import Request.
  Time since last request: 0.000039 seconds.
  path: Assets/Medieval_pixel_art_asset_FREE/Prefabs/Props_free/Medieval_props_free_23.prefab
  artifactKey: Guid(343037b16e9ffed4fa036fdbd771d6c0) Importer(815301076,1909f56bfc062723c751e8b465ee728b)
Start importing Assets/Medieval_pixel_art_asset_FREE/Prefabs/Props_free/Medieval_props_free_23.prefab using Guid(343037b16e9ffed4fa036fdbd771d6c0) Importer(815301076,1909f56bfc062723c751e8b465ee728b)  -> (artifact id: '31eba9b3684482ffe063c1d14b8c42e1') in 0.023063 seconds 
========================================================================
Received Import Request.
  Time since last request: 0.000028 seconds.
  path: Assets/Medieval_pixel_art_asset_FREE/Prefabs/Props_free/Medieval_props_free_4.prefab
  artifactKey: Guid(5f00a24494233a242bb7397e971a1e7f) Importer(815301076,1909f56bfc062723c751e8b465ee728b)
Start importing Assets/Medieval_pixel_art_asset_FREE/Prefabs/Props_free/Medieval_props_free_4.prefab using Guid(5f00a24494233a242bb7397e971a1e7f) Importer(815301076,1909f56bfc062723c751e8b465ee728b)  -> (artifact id: '623a5315cdfd2ab34ec41e2e216eb22e') in 0.026127 seconds 
========================================================================
Received Import Request.
  Time since last request: 0.000084 seconds.
  path: Assets/Medieval_pixel_art_asset_FREE/Prefabs/Props_free/Medieval_props_free_13.prefab
  artifactKey: Guid(dd6c6c0f2cff23a488ed09ad8ab8c2dc) Importer(815301076,1909f56bfc062723c751e8b465ee728b)
Start importing Assets/Medieval_pixel_art_asset_FREE/Prefabs/Props_free/Medieval_props_free_13.prefab using Guid(dd6c6c0f2cff23a488ed09ad8ab8c2dc) Importer(815301076,1909f56bfc062723c751e8b465ee728b)  -> (artifact id: '68e97765f94ab930654ddf998495ffd0') in 0.029365 seconds 
========================================================================
Received Import Request.
  Time since last request: 0.000033 seconds.
  path: Assets/Medieval_pixel_art_asset_FREE/Prefabs/Props_free/Medieval_props_free_1.prefab
  artifactKey: Guid(5808ca7cfa9bad240b1c2c52003f4817) Importer(815301076,1909f56bfc062723c751e8b465ee728b)
Start importing Assets/Medieval_pixel_art_asset_FREE/Prefabs/Props_free/Medieval_props_free_1.prefab using Guid(5808ca7cfa9bad240b1c2c52003f4817) Importer(815301076,1909f56bfc062723c751e8b465ee728b)  -> (artifact id: 'ca57ead137fe42a7575558d0ff67464d') in 0.026381 seconds 
========================================================================
Received Import Request.
  Time since last request: 0.000051 seconds.
  path: Assets/Medieval_pixel_art_asset_FREE/Prefabs/Props_free/Medieval_props_free_12.prefab
  artifactKey: Guid(aea2031baec57684c94b0cb1a902dd8b) Importer(815301076,1909f56bfc062723c751e8b465ee728b)
Start importing Assets/Medieval_pixel_art_asset_FREE/Prefabs/Props_free/Medieval_props_free_12.prefab using Guid(aea2031baec57684c94b0cb1a902dd8b) Importer(815301076,1909f56bfc062723c751e8b465ee728b)  -> (artifact id: 'e1fd15271f0e66e9d3181ee59a4f2f31') in 0.031941 seconds 
========================================================================
Received Import Request.
  Time since last request: 0.000050 seconds.
  path: Assets/Medieval_pixel_art_asset_FREE/Prefabs/Props_free/Medieval_props_free_21.prefab
  artifactKey: Guid(71cce0e18cda5cf41922fd12f108ed51) Importer(815301076,1909f56bfc062723c751e8b465ee728b)
Start importing Assets/Medieval_pixel_art_asset_FREE/Prefabs/Props_free/Medieval_props_free_21.prefab using Guid(71cce0e18cda5cf41922fd12f108ed51) Importer(815301076,1909f56bfc062723c751e8b465ee728b)  -> (artifact id: '1cc817cd093ddcd27b973a832e2ccdcb') in 0.030034 seconds 
========================================================================
Received Import Request.
  Time since last request: 0.000036 seconds.
  path: Assets/Medieval_pixel_art_asset_FREE/Prefabs/Props_free/Medieval_props_free_6.prefab
  artifactKey: Guid(df0d65b074ba11d458504137470c01e6) Importer(815301076,1909f56bfc062723c751e8b465ee728b)
Start importing Assets/Medieval_pixel_art_asset_FREE/Prefabs/Props_free/Medieval_props_free_6.prefab using Guid(df0d65b074ba11d458504137470c01e6) Importer(815301076,1909f56bfc062723c751e8b465ee728b)  -> (artifact id: '47869dd7e8b136ede38ae486b806455f') in 0.027918 seconds 
========================================================================
Received Import Request.
  Time since last request: 0.000036 seconds.
  path: Assets/Medieval_pixel_art_asset_FREE/Prefabs/Props_free/Medieval_props_free_5.prefab
  artifactKey: Guid(38d22e1553bfb7943b9544b849dee0dd) Importer(815301076,1909f56bfc062723c751e8b465ee728b)
Start importing Assets/Medieval_pixel_art_asset_FREE/Prefabs/Props_free/Medieval_props_free_5.prefab using Guid(38d22e1553bfb7943b9544b849dee0dd) Importer(815301076,1909f56bfc062723c751e8b465ee728b)  -> (artifact id: '31971095e6d9dd99ff22123de19e7cee') in 0.028595 seconds 
========================================================================
Received Import Request.
  Time since last request: 0.000027 seconds.
  path: Assets/Medieval_pixel_art_asset_FREE/Prefabs/Props_free/Medieval_props_free_2.prefab
  artifactKey: Guid(d10cbe6b249ddc34db2eae14d2ae9f3d) Importer(815301076,1909f56bfc062723c751e8b465ee728b)
Start importing Assets/Medieval_pixel_art_asset_FREE/Prefabs/Props_free/Medieval_props_free_2.prefab using Guid(d10cbe6b249ddc34db2eae14d2ae9f3d) Importer(815301076,1909f56bfc062723c751e8b465ee728b)  -> (artifact id: '2e305b1d5e04d60a912f1d950ba711be') in 0.026887 seconds 
========================================================================
Received Import Request.
  Time since last request: 101.311690 seconds.
  path: Assets/Medieval_pixel_art_asset_FREE/palettes/Medieval_pixel_art_tileset_free.prefab
  artifactKey: Guid(24d7ac66bf388d14186f825aca992a57) Importer(815301076,1909f56bfc062723c751e8b465ee728b)
Start importing Assets/Medieval_pixel_art_asset_FREE/palettes/Medieval_pixel_art_tileset_free.prefab using Guid(24d7ac66bf388d14186f825aca992a57) Importer(815301076,1909f56bfc062723c751e8b465ee728b)  -> (artifact id: 'a1d217604fd80b7c92c30c5e1d84fdb7') in 0.107768 seconds 
========================================================================
Received Import Request.
  Time since last request: 205.561294 seconds.
  path: Assets/Medieval_pixel_art_asset_FREE/Textures
  artifactKey: Guid(d91241baa713a0d4a812a1d5aee49972) Importer(815301076,1909f56bfc062723c751e8b465ee728b)
Start importing Assets/Medieval_pixel_art_asset_FREE/Textures using Guid(d91241baa713a0d4a812a1d5aee49972) Importer(815301076,1909f56bfc062723c751e8b465ee728b)  -> (artifact id: '5e9127dc4b6ad6bdce7a29f12a0f615e') in 0.012299 seconds 
========================================================================
Received Import Request.
  Time since last request: 0.351828 seconds.
  path: Assets/Medieval_pixel_art_asset_FREE/Scenes
  artifactKey: Guid(30ab7afce1f77d24e838e2ca44bb7997) Importer(815301076,1909f56bfc062723c751e8b465ee728b)
Start importing Assets/Medieval_pixel_art_asset_FREE/Scenes using Guid(30ab7afce1f77d24e838e2ca44bb7997) Importer(815301076,1909f56bfc062723c751e8b465ee728b)  -> (artifact id: 'c889ca8f934c562c5175b8e730bd6958') in 0.008280 seconds 
========================================================================
Received Import Request.
  Time since last request: 0.619972 seconds.
  path: Assets/Medieval_pixel_art_asset_FREE/Tiles_free
  artifactKey: Guid(631a5d26e29e0094c899147c58ca51dc) Importer(815301076,1909f56bfc062723c751e8b465ee728b)
Start importing Assets/Medieval_pixel_art_asset_FREE/Tiles_free using Guid(631a5d26e29e0094c899147c58ca51dc) Importer(815301076,1909f56bfc062723c751e8b465ee728b)  -> (artifact id: '4bcac4b1725be3555460842b1fbe919e') in 0.011980 seconds 
========================================================================
Received Import Request.
  Time since last request: 0.029150 seconds.
  path: Assets/Medieval_pixel_art_asset_FREE/Tiles_free/Medieval_tiles_free2_0.asset
  artifactKey: Guid(d9f98adac48e02c4ca93094b79d999d5) Importer(815301076,1909f56bfc062723c751e8b465ee728b)
Start importing Assets/Medieval_pixel_art_asset_FREE/Tiles_free/Medieval_tiles_free2_0.asset using Guid(d9f98adac48e02c4ca93094b79d999d5) Importer(815301076,1909f56bfc062723c751e8b465ee728b)  -> (artifact id: '54967b4e7ca7d14a9efe1320b8003004') in 0.046157 seconds 
========================================================================
Received Import Request.
  Time since last request: 0.000040 seconds.
  path: Assets/Medieval_pixel_art_asset_FREE/Tiles_free/Medieval_tiles_free2_18.asset
  artifactKey: Guid(10647dd5dcafe1f4bbdf174163405cc0) Importer(815301076,1909f56bfc062723c751e8b465ee728b)
Start importing Assets/Medieval_pixel_art_asset_FREE/Tiles_free/Medieval_tiles_free2_18.asset using Guid(10647dd5dcafe1f4bbdf174163405cc0) Importer(815301076,1909f56bfc062723c751e8b465ee728b)  -> (artifact id: '08e0d543e2a384d25636abc408680168') in 0.026411 seconds 
========================================================================
Received Import Request.
  Time since last request: 0.000026 seconds.
  path: Assets/Medieval_pixel_art_asset_FREE/Tiles_free/Medieval_tiles_free2_28.asset
  artifactKey: Guid(f1bcaf2a57ee8b743a9dd0f7d8d27aa5) Importer(815301076,1909f56bfc062723c751e8b465ee728b)
Start importing Assets/Medieval_pixel_art_asset_FREE/Tiles_free/Medieval_tiles_free2_28.asset using Guid(f1bcaf2a57ee8b743a9dd0f7d8d27aa5) Importer(815301076,1909f56bfc062723c751e8b465ee728b)  -> (artifact id: 'ad6c440b769db89ca22717538cad71a0') in 0.026387 seconds 
========================================================================
Received Import Request.
  Time since last request: 0.000037 seconds.
  path: Assets/Medieval_pixel_art_asset_FREE/Tiles_free/Medieval_tiles_free2_8.asset
  artifactKey: Guid(0e2cab3f02c7fb341a7d53298845604a) Importer(815301076,1909f56bfc062723c751e8b465ee728b)
Start importing Assets/Medieval_pixel_art_asset_FREE/Tiles_free/Medieval_tiles_free2_8.asset using Guid(0e2cab3f02c7fb341a7d53298845604a) Importer(815301076,1909f56bfc062723c751e8b465ee728b)  -> (artifact id: 'f97bc858dd7e79de9a0c3ee50a110835') in 0.027266 seconds 
========================================================================
Received Import Request.
  Time since last request: 0.000040 seconds.
  path: Assets/Medieval_pixel_art_asset_FREE/Tiles_free/Medieval_tiles_free2_26.asset
  artifactKey: Guid(e248ab13b7a066d44ad69da8e1877934) Importer(815301076,1909f56bfc062723c751e8b465ee728b)
Start importing Assets/Medieval_pixel_art_asset_FREE/Tiles_free/Medieval_tiles_free2_26.asset using Guid(e248ab13b7a066d44ad69da8e1877934) Importer(815301076,1909f56bfc062723c751e8b465ee728b)  -> (artifact id: '5386b3b3adbcc5e1bc299447fd893e8b') in 0.026685 seconds 
========================================================================
Received Import Request.
  Time since last request: 0.000093 seconds.
  path: Assets/Medieval_pixel_art_asset_FREE/Tiles_free/Medieval_tiles_free2_33.asset
  artifactKey: Guid(4d39f938b384d774589f5eec56572f61) Importer(815301076,1909f56bfc062723c751e8b465ee728b)
Start importing Assets/Medieval_pixel_art_asset_FREE/Tiles_free/Medieval_tiles_free2_33.asset using Guid(4d39f938b384d774589f5eec56572f61) Importer(815301076,1909f56bfc062723c751e8b465ee728b)  -> (artifact id: 'adc8c57e698ff530adacfc08d2d84d79') in 0.025212 seconds 
========================================================================
Received Import Request.
  Time since last request: 0.000029 seconds.
  path: Assets/Medieval_pixel_art_asset_FREE/Tiles_free/Medieval_tiles_free2_23.asset
  artifactKey: Guid(706d8307a11b2f24cbc2b2d304cc16f1) Importer(815301076,1909f56bfc062723c751e8b465ee728b)
Start importing Assets/Medieval_pixel_art_asset_FREE/Tiles_free/Medieval_tiles_free2_23.asset using Guid(706d8307a11b2f24cbc2b2d304cc16f1) Importer(815301076,1909f56bfc062723c751e8b465ee728b)  -> (artifact id: '20157a8a883f6d9869ae815eb3242482') in 0.028316 seconds 
========================================================================
Received Import Request.
  Time since last request: 0.000041 seconds.
  path: Assets/Medieval_pixel_art_asset_FREE/Tiles_free/Medieval_tiles_free2_10.asset
  artifactKey: Guid(6f8ffdf4dd9eff74d826989fdc289ecc) Importer(815301076,1909f56bfc062723c751e8b465ee728b)
Start importing Assets/Medieval_pixel_art_asset_FREE/Tiles_free/Medieval_tiles_free2_10.asset using Guid(6f8ffdf4dd9eff74d826989fdc289ecc) Importer(815301076,1909f56bfc062723c751e8b465ee728b)  -> (artifact id: 'f12891a90798c0650765ea7f56bba0dc') in 0.024123 seconds 
========================================================================
Received Import Request.
  Time since last request: 0.000024 seconds.
  path: Assets/Medieval_pixel_art_asset_FREE/Tiles_free/Medieval_tiles_free2_16.asset
  artifactKey: Guid(c7e104a15f92b094ca3f320a387f4bf4) Importer(815301076,1909f56bfc062723c751e8b465ee728b)
Start importing Assets/Medieval_pixel_art_asset_FREE/Tiles_free/Medieval_tiles_free2_16.asset using Guid(c7e104a15f92b094ca3f320a387f4bf4) Importer(815301076,1909f56bfc062723c751e8b465ee728b)  -> (artifact id: 'f7b9dacad344e3c95d0a3b3aab4a8a37') in 0.030656 seconds 
========================================================================
Received Import Request.
  Time since last request: 0.000026 seconds.
  path: Assets/Medieval_pixel_art_asset_FREE/Tiles_free/Medieval_tiles_free2_30.asset
  artifactKey: Guid(3ca2bd8a728e7974385b6d5baa7945f4) Importer(815301076,1909f56bfc062723c751e8b465ee728b)
Start importing Assets/Medieval_pixel_art_asset_FREE/Tiles_free/Medieval_tiles_free2_30.asset using Guid(3ca2bd8a728e7974385b6d5baa7945f4) Importer(815301076,1909f56bfc062723c751e8b465ee728b)  -> (artifact id: '3faf0caff3c1d6e1a1a229e43b8729a4') in 0.028114 seconds 
========================================================================
Received Import Request.
  Time since last request: 0.000036 seconds.
  path: Assets/Medieval_pixel_art_asset_FREE/Tiles_free/Medieval_tiles_free2_3.asset
  artifactKey: Guid(a22c97a39c65b374dbccd029d4df9a21) Importer(815301076,1909f56bfc062723c751e8b465ee728b)
Start importing Assets/Medieval_pixel_art_asset_FREE/Tiles_free/Medieval_tiles_free2_3.asset using Guid(a22c97a39c65b374dbccd029d4df9a21) Importer(815301076,1909f56bfc062723c751e8b465ee728b)  -> (artifact id: 'b79bd42395b97aedfa91b9a42e5d08ff') in 0.024906 seconds 
========================================================================
Received Import Request.
  Time since last request: 0.000048 seconds.
  path: Assets/Medieval_pixel_art_asset_FREE/Tiles_free/Medieval_tiles_free2_36.asset
  artifactKey: Guid(f4e6b983780735f4ebdae217da51f126) Importer(815301076,1909f56bfc062723c751e8b465ee728b)
Start importing Assets/Medieval_pixel_art_asset_FREE/Tiles_free/Medieval_tiles_free2_36.asset using Guid(f4e6b983780735f4ebdae217da51f126) Importer(815301076,1909f56bfc062723c751e8b465ee728b)  -> (artifact id: 'b3dd8ac9cafb3f488198d7b5128de417') in 0.025399 seconds 
========================================================================
Received Import Request.
  Time since last request: 0.000030 seconds.
  path: Assets/Medieval_pixel_art_asset_FREE/Tiles_free/Medieval_tiles_free2_34.asset
  artifactKey: Guid(c5ad727bbcad46240b1d37ecf3f275f7) Importer(815301076,1909f56bfc062723c751e8b465ee728b)
Start importing Assets/Medieval_pixel_art_asset_FREE/Tiles_free/Medieval_tiles_free2_34.asset using Guid(c5ad727bbcad46240b1d37ecf3f275f7) Importer(815301076,1909f56bfc062723c751e8b465ee728b)  -> (artifact id: 'b3bd5c3eb72f9431a9003c01813b940a') in 0.027579 seconds 
========================================================================
Received Import Request.
  Time since last request: 0.000051 seconds.
  path: Assets/Medieval_pixel_art_asset_FREE/Tiles_free/Medieval_tiles_free2_13.asset
  artifactKey: Guid(6ac5fee16c2e8da4d91c8ad5aab85514) Importer(815301076,1909f56bfc062723c751e8b465ee728b)
Start importing Assets/Medieval_pixel_art_asset_FREE/Tiles_free/Medieval_tiles_free2_13.asset using Guid(6ac5fee16c2e8da4d91c8ad5aab85514) Importer(815301076,1909f56bfc062723c751e8b465ee728b)  -> (artifact id: '321c7b95e03a826e6bfe026c0a3dba2d') in 0.023634 seconds 
========================================================================
Received Import Request.
  Time since last request: 0.000032 seconds.
  path: Assets/Medieval_pixel_art_asset_FREE/Tiles_free/Medieval_tiles_free2_32.asset
  artifactKey: Guid(b9eda2a54a9f40348804c9aaabe17b1d) Importer(815301076,1909f56bfc062723c751e8b465ee728b)
Start importing Assets/Medieval_pixel_art_asset_FREE/Tiles_free/Medieval_tiles_free2_32.asset using Guid(b9eda2a54a9f40348804c9aaabe17b1d) Importer(815301076,1909f56bfc062723c751e8b465ee728b)  -> (artifact id: 'a47148dfc326d52829c346176a8a9753') in 0.026662 seconds 
========================================================================
Received Import Request.
  Time since last request: 0.000029 seconds.
  path: Assets/Medieval_pixel_art_asset_FREE/Tiles_free/Medieval_tiles_free2_7.asset
  artifactKey: Guid(0dbd2c7dd43603c4f8d08d7964404ad0) Importer(815301076,1909f56bfc062723c751e8b465ee728b)
Start importing Assets/Medieval_pixel_art_asset_FREE/Tiles_free/Medieval_tiles_free2_7.asset using Guid(0dbd2c7dd43603c4f8d08d7964404ad0) Importer(815301076,1909f56bfc062723c751e8b465ee728b)  -> (artifact id: '3e51de425f0a0ee8a8f8218c304e8988') in 0.022363 seconds 
========================================================================
Received Import Request.
  Time since last request: 0.000025 seconds.
  path: Assets/Medieval_pixel_art_asset_FREE/Tiles_free/Medieval_tiles_free2_25.asset
  artifactKey: Guid(45b87adb5b36d1a419ec58982723b566) Importer(815301076,1909f56bfc062723c751e8b465ee728b)
Start importing Assets/Medieval_pixel_art_asset_FREE/Tiles_free/Medieval_tiles_free2_25.asset using Guid(45b87adb5b36d1a419ec58982723b566) Importer(815301076,1909f56bfc062723c751e8b465ee728b)  -> (artifact id: '3fef7d5f20f0173429216767a91033e7') in 0.027959 seconds 
========================================================================
Received Import Request.
  Time since last request: 0.000032 seconds.
  path: Assets/Medieval_pixel_art_asset_FREE/Tiles_free/Medieval_tiles_free2_27.asset
  artifactKey: Guid(e54df89b4f95dd74ba08f64cdf6af519) Importer(815301076,1909f56bfc062723c751e8b465ee728b)
Start importing Assets/Medieval_pixel_art_asset_FREE/Tiles_free/Medieval_tiles_free2_27.asset using Guid(e54df89b4f95dd74ba08f64cdf6af519) Importer(815301076,1909f56bfc062723c751e8b465ee728b)  -> (artifact id: '88cd331d160dfa9faf644b20894c6411') in 0.031113 seconds 
========================================================================
Received Import Request.
  Time since last request: 20.384153 seconds.
  path: Assets/ExternalSource/Pixel Adventure 1/Assets/Main Characters/Virtual Guy
  artifactKey: Guid(5ef42789be2506f4893c4622d915911d) Importer(815301076,1909f56bfc062723c751e8b465ee728b)
Start importing Assets/ExternalSource/Pixel Adventure 1/Assets/Main Characters/Virtual Guy using Guid(5ef42789be2506f4893c4622d915911d) Importer(815301076,1909f56bfc062723c751e8b465ee728b)  -> (artifact id: '817330d508a28e35ada4c22ce088f828') in 0.011915 seconds 
========================================================================
Received Import Request.
  Time since last request: 0.049774 seconds.
  path: Assets/ExternalSource/Pixel Adventure 1/Assets/Main Characters/Virtual Guy/Double Jump (32x32).png
  artifactKey: Guid(62a315a8619ac644f899c29e008115c0) Importer(815301076,1909f56bfc062723c751e8b465ee728b)
Start importing Assets/ExternalSource/Pixel Adventure 1/Assets/Main Characters/Virtual Guy/Double Jump (32x32).png using Guid(62a315a8619ac644f899c29e008115c0) Importer(815301076,1909f56bfc062723c751e8b465ee728b)  -> (artifact id: 'd1c9355c27da39114546f5f64926925e') in 0.130371 seconds 
========================================================================
Received Import Request.
  Time since last request: 0.000062 seconds.
  path: Assets/ExternalSource/Pixel Adventure 1/Assets/Main Characters/Virtual Guy/Hit (32x32).png
  artifactKey: Guid(0b4768f2ab470f44ca33fa59836a0774) Importer(815301076,1909f56bfc062723c751e8b465ee728b)
Start importing Assets/ExternalSource/Pixel Adventure 1/Assets/Main Characters/Virtual Guy/Hit (32x32).png using Guid(0b4768f2ab470f44ca33fa59836a0774) Importer(815301076,1909f56bfc062723c751e8b465ee728b)  -> (artifact id: '5eb9cf5f5d44fa9c8966412e28af220e') in 0.074521 seconds 
========================================================================
Received Import Request.
  Time since last request: 0.000065 seconds.
  path: Assets/ExternalSource/Pixel Adventure 1/Assets/Main Characters/Virtual Guy/Wall Jump (32x32).png
  artifactKey: Guid(5a448cc07b6e09343924bf933b0cb70e) Importer(815301076,1909f56bfc062723c751e8b465ee728b)
Start importing Assets/ExternalSource/Pixel Adventure 1/Assets/Main Characters/Virtual Guy/Wall Jump (32x32).png using Guid(5a448cc07b6e09343924bf933b0cb70e) Importer(815301076,1909f56bfc062723c751e8b465ee728b)  -> (artifact id: '67de9ab0070ccc4cd1937ebbe1076103') in 0.061611 seconds 
========================================================================
Received Import Request.
  Time since last request: 0.000047 seconds.
  path: Assets/ExternalSource/Pixel Adventure 1/Assets/Main Characters/Virtual Guy/Jump (32x32).png
  artifactKey: Guid(320f4eb52e227b446830a1f6fd691fca) Importer(815301076,1909f56bfc062723c751e8b465ee728b)
Start importing Assets/ExternalSource/Pixel Adventure 1/Assets/Main Characters/Virtual Guy/Jump (32x32).png using Guid(320f4eb52e227b446830a1f6fd691fca) Importer(815301076,1909f56bfc062723c751e8b465ee728b)  -> (artifact id: 'a40024c24c2ecf013bdbfef7e2d3078f') in 0.037696 seconds 
========================================================================
Received Import Request.
  Time since last request: 7.526974 seconds.
  path: Assets/ExternalSource/Pixel Adventure 1/Assets/Main Characters/Pink Man
  artifactKey: Guid(42afdc0a1bbe6314b8aa6b3431e802ee) Importer(815301076,1909f56bfc062723c751e8b465ee728b)
Start importing Assets/ExternalSource/Pixel Adventure 1/Assets/Main Characters/Pink Man using Guid(42afdc0a1bbe6314b8aa6b3431e802ee) Importer(815301076,1909f56bfc062723c751e8b465ee728b)  -> (artifact id: 'db1087e99b832859aa4731088702b41f') in 0.012071 seconds 
========================================================================
Received Import Request.
  Time since last request: 0.332656 seconds.
  path: Assets/ExternalSource/Pixel Adventure 1/Assets/Main Characters/Pink Man/Double Jump (32x32).png
  artifactKey: Guid(5fd9f3ec1e3e0bc4d8e308e10012a36a) Importer(815301076,1909f56bfc062723c751e8b465ee728b)
Start importing Assets/ExternalSource/Pixel Adventure 1/Assets/Main Characters/Pink Man/Double Jump (32x32).png using Guid(5fd9f3ec1e3e0bc4d8e308e10012a36a) Importer(815301076,1909f56bfc062723c751e8b465ee728b)  -> (artifact id: '07e4f1da71bb696f02a6ef1dfc841d0c') in 0.060869 seconds 
========================================================================
Received Import Request.
  Time since last request: 0.000055 seconds.
  path: Assets/ExternalSource/Pixel Adventure 1/Assets/Main Characters/Pink Man/Run (32x32).png
  artifactKey: Guid(cdb0cc8ca9aac2a4d84c6aa3c1cbf52b) Importer(815301076,1909f56bfc062723c751e8b465ee728b)
Start importing Assets/ExternalSource/Pixel Adventure 1/Assets/Main Characters/Pink Man/Run (32x32).png using Guid(cdb0cc8ca9aac2a4d84c6aa3c1cbf52b) Importer(815301076,1909f56bfc062723c751e8b465ee728b)  -> (artifact id: '5c1bf995ecc7a1f7f799c5d78c3bae2a') in 0.095590 seconds 
========================================================================
Received Import Request.
  Time since last request: 0.000060 seconds.
  path: Assets/ExternalSource/Pixel Adventure 1/Assets/Main Characters/Pink Man/Jump (32x32).png
  artifactKey: Guid(edbf2f282f3feb940b6238d4d339ada4) Importer(815301076,1909f56bfc062723c751e8b465ee728b)
Start importing Assets/ExternalSource/Pixel Adventure 1/Assets/Main Characters/Pink Man/Jump (32x32).png using Guid(edbf2f282f3feb940b6238d4d339ada4) Importer(815301076,1909f56bfc062723c751e8b465ee728b)  -> (artifact id: 'dfb341672fd742c5f5540c155f8561a7') in 0.035494 seconds 
========================================================================
Received Import Request.
  Time since last request: 1.485696 seconds.
  path: Assets/ExternalSource/Pixel Adventure 1/Assets/Main Characters/Ninja Frog
  artifactKey: Guid(04d5c6ab2c80a0049a258594f321bde4) Importer(815301076,1909f56bfc062723c751e8b465ee728b)
Start importing Assets/ExternalSource/Pixel Adventure 1/Assets/Main Characters/Ninja Frog using Guid(04d5c6ab2c80a0049a258594f321bde4) Importer(815301076,1909f56bfc062723c751e8b465ee728b)  -> (artifact id: '36f7d32f4836d1cfb64a261c5db12f0b') in 0.011730 seconds 
========================================================================
Received Import Request.
  Time since last request: 0.048402 seconds.
  path: Assets/ExternalSource/Pixel Adventure 1/Assets/Main Characters/Ninja Frog/Double Jump (32x32).png
  artifactKey: Guid(4099f676255555240b5240f897805dce) Importer(815301076,1909f56bfc062723c751e8b465ee728b)
Start importing Assets/ExternalSource/Pixel Adventure 1/Assets/Main Characters/Ninja Frog/Double Jump (32x32).png using Guid(4099f676255555240b5240f897805dce) Importer(815301076,1909f56bfc062723c751e8b465ee728b)  -> (artifact id: 'd19d361bdb71ac458cabf41155290276') in 0.053661 seconds 
========================================================================
Received Import Request.
  Time since last request: 0.000064 seconds.
  path: Assets/ExternalSource/Pixel Adventure 1/Assets/Main Characters/Ninja Frog/Jump (32x32).png
  artifactKey: Guid(4872bd1108769a946a6acb68dc156fcf) Importer(815301076,1909f56bfc062723c751e8b465ee728b)
Start importing Assets/ExternalSource/Pixel Adventure 1/Assets/Main Characters/Ninja Frog/Jump (32x32).png using Guid(4872bd1108769a946a6acb68dc156fcf) Importer(815301076,1909f56bfc062723c751e8b465ee728b)  -> (artifact id: '11aebcfad30c09494cc8911d2519cd33') in 0.030035 seconds 
========================================================================
Received Import Request.
  Time since last request: 0.000081 seconds.
  path: Assets/ExternalSource/Pixel Adventure 1/Assets/Main Characters/Ninja Frog/Wall Jump (32x32).png
  artifactKey: Guid(3b332af1e6c55e94f8e5eb08fb4ab06b) Importer(815301076,1909f56bfc062723c751e8b465ee728b)
Start importing Assets/ExternalSource/Pixel Adventure 1/Assets/Main Characters/Ninja Frog/Wall Jump (32x32).png using Guid(3b332af1e6c55e94f8e5eb08fb4ab06b) Importer(815301076,1909f56bfc062723c751e8b465ee728b)  -> (artifact id: 'ce16967ff01d8709866e8dbd958ec133') in 0.059659 seconds 
========================================================================
Received Import Request.
  Time since last request: 0.000074 seconds.
  path: Assets/ExternalSource/Pixel Adventure 1/Assets/Main Characters/Ninja Frog/Hit (32x32).png
  artifactKey: Guid(18a451ae5d817e04bbf3101eaed9466e) Importer(815301076,1909f56bfc062723c751e8b465ee728b)
Start importing Assets/ExternalSource/Pixel Adventure 1/Assets/Main Characters/Ninja Frog/Hit (32x32).png using Guid(18a451ae5d817e04bbf3101eaed9466e) Importer(815301076,1909f56bfc062723c751e8b465ee728b)  -> (artifact id: '5196f2b07c5486b7191aef1ea7766fc0') in 0.061944 seconds 
========================================================================
Received Import Request.
  Time since last request: 1.942456 seconds.
  path: Assets/ExternalSource/Pixel Adventure 1/Assets/Main Characters/Mask Dude
  artifactKey: Guid(40248927e767fcc40acdf26796daffc0) Importer(815301076,1909f56bfc062723c751e8b465ee728b)
Start importing Assets/ExternalSource/Pixel Adventure 1/Assets/Main Characters/Mask Dude using Guid(40248927e767fcc40acdf26796daffc0) Importer(815301076,1909f56bfc062723c751e8b465ee728b)  -> (artifact id: 'a83ac9c358bb8de65d8f3ff3a80dac3b') in 0.011528 seconds 
========================================================================
Received Import Request.
  Time since last request: 0.054038 seconds.
  path: Assets/ExternalSource/Pixel Adventure 1/Assets/Main Characters/Mask Dude/Double Jump (32x32).png
  artifactKey: Guid(241f742f0911c3a428eea6612ae23b77) Importer(815301076,1909f56bfc062723c751e8b465ee728b)
Start importing Assets/ExternalSource/Pixel Adventure 1/Assets/Main Characters/Mask Dude/Double Jump (32x32).png using Guid(241f742f0911c3a428eea6612ae23b77) Importer(815301076,1909f56bfc062723c751e8b465ee728b)  -> (artifact id: '489c155d74788f3056567e3c5af098b9') in 0.054304 seconds 
========================================================================
Received Import Request.
  Time since last request: 0.000055 seconds.
  path: Assets/ExternalSource/Pixel Adventure 1/Assets/Main Characters/Mask Dude/Wall Jump (32x32).png
  artifactKey: Guid(9b7e8d8d6e9ac904dba7f59ba8b11835) Importer(815301076,1909f56bfc062723c751e8b465ee728b)
Start importing Assets/ExternalSource/Pixel Adventure 1/Assets/Main Characters/Mask Dude/Wall Jump (32x32).png using Guid(9b7e8d8d6e9ac904dba7f59ba8b11835) Importer(815301076,1909f56bfc062723c751e8b465ee728b)  -> (artifact id: '52f8e2f50bbc58ebd31dc9e1dd42148d') in 0.048768 seconds 
========================================================================
Received Import Request.
  Time since last request: 0.000050 seconds.
  path: Assets/ExternalSource/Pixel Adventure 1/Assets/Main Characters/Mask Dude/Jump (32x32).png
  artifactKey: Guid(2d728ff08787c6640bbe4984c7ff018b) Importer(815301076,1909f56bfc062723c751e8b465ee728b)
Start importing Assets/ExternalSource/Pixel Adventure 1/Assets/Main Characters/Mask Dude/Jump (32x32).png using Guid(2d728ff08787c6640bbe4984c7ff018b) Importer(815301076,1909f56bfc062723c751e8b465ee728b)  -> (artifact id: '383608671f0a36cc6b078548c23b956b') in 0.034037 seconds 
========================================================================
Received Import Request.
  Time since last request: 0.000044 seconds.
  path: Assets/ExternalSource/Pixel Adventure 1/Assets/Main Characters/Mask Dude/Hit (32x32).png
  artifactKey: Guid(b234dd527243d1042a19b2cf7ef17cd7) Importer(815301076,1909f56bfc062723c751e8b465ee728b)
Start importing Assets/ExternalSource/Pixel Adventure 1/Assets/Main Characters/Mask Dude/Hit (32x32).png using Guid(b234dd527243d1042a19b2cf7ef17cd7) Importer(815301076,1909f56bfc062723c751e8b465ee728b)  -> (artifact id: '50368ed2ec91ea5760bbd5f8380a8258') in 0.061313 seconds 
